dvorak	$dvoraklayouts	%l	dvorak
dvorak	basic		us	dvorak
dvorak	pl_basic	pl	dvorak
dvorak	pl		pl	dvorak_quotes
dvorak	pl_altquotes	pl	dvorak_altquotes
yu	basic		srp	latin
yu	unicode		srp	latinunicode
yu	yz		srp	latinyz
yu	unicodeyz	srp	latinunicodeyz
ben	basic		bd	default
ben	probhat		bd	probhat	
guj	basic		in	guj
kan	basic		in	kan
mal	basic		in	mal
mal	mlplusnum	in	mal_plusnum
ori	basic		in	ori
tam	UNI		lk	tam_unicode
tam	TAB		lk	tam_TAB
tam	TSCII		lk	tam_TSCII
tam	INSCRIPT	lk	tam_INSCRIPT
tel	basic		in	tel
urd	basic		pk	urd	
sin	phonetic-static	lk	sin_phonetic	
